twcxncywiy,5135
zvhbnntxar,5556
ayvfduwkck,5786
kzomgrmnko,8793
doxwrbalbg,10818
yvxzpjuxzx,20151
bbyuzlfgwk,43151
wkaofwfxbg,43638
ndffrkuzii,78005
iqknqpvgtj,80449
hptdolayaz,98506
fywqrsfsfm,109728
nywghdmlom,111708
vhrfipsssl,130306
uiywwjgjbg,139755
qhvxwmocpk,141695
xfsuerirqu,142083
nvmsotgfga,145158
eusmbejbmz,148593
gujkwnnjmg,155115
etjgsfkptv,155928
wgucovsmqu,160977
ehhwietudl,171368
nhiqbxhgdp,174722
luohfsraay,188175
bcilivthfl,191283
qmmrdjycin,191404
inxqhxttbw,192776
bohhddhlrj,219997
emtzsltduj,226759
mckwanujru,232546
csfsqyhnem,238725
hoizkudskj,243618
vfdlwwczeg,245314
nmbgjiisbh,255948
irftgmhzfc,258549
kbvgehlsgt,269227
fwgiysqmsf,276177
fajlpghody,280121
qdtrftsotn,289096
zygrikpagu,294169
htnwdkkote,990618
qikhxwoxql,300771
llltpzltjc,301976
zisoudyxjc,306381
ckikbjojem,558014
ybphasxcip,783196
zcbsqtslnj,309678
qkwrazsjyx,312404
wvbsftjelt,325802
nycrpatirr,330242
fuzdbnxzbq,339687
jyitwymlka,369328
eqjristukd,417363
ghmmcaictw,420890
wpgnojxjkq,423168
jjbaqleaqo,438179
hcorizjjmu,441431
iktskpwwuw,452530
azejbrwvqk,468241
cynvrlqcne,473998
uyyishniqx,485555
lzxsxxlojs,512471
txrkmlrrwv,516094
gxykrmppee,520725
vbrxpbhftk,522444
lwyetdcscq,528665
ejtgbneqwi,588900
dsnkwjfsrs,594957
rydgrslrug,612072
azxvyuyxpa,618791
yqqvbqadly,642399
fmfnqncxpy,644564
rjozzgzvls,646599
vcatblioak,662087
xtkdjbgwrx,671163
fgmirxbvix,684496
rammhowpix,685656
epwlesuync,689369
izxrgiirna,690465
pbsgvrfiah,704631
xqdbzgmumx,706360
qhkjvopscp,724606
iomewzypik,728126
qfnteulmsz,732535
mllixrplab,798288
iieahdmzpm,840275
luozoxucjb,868686
gpyyehyqug,878604
gebsfnkqzx,895656
umwxbjcnos,901682
rcjllwujqq,913590
avasxqpkoi,931816
kyhremgnrn,949293
zmvlnloqbx,966158
iwavxtigve,982993
hmjetylquh,983485
dgfridwbwz,992108
azhoqtoqpu,561374
locodxgihy,839180
