bpdvknqfel,478
lpqmlhkzjw,1214
gtjlomufyx,1968
npakmqbhrr,2197
gjnmgizpnz,2863
tdkvsfdjxu,3799
qoqgulifoz,4921
ljiysmkyfv,7403
zswzhouszj,8460
busigoeepb,8980
pductrgich,9512
clbdnyupao,10511
ojadrjvagu,11911
izfpneakac,12956
fstevxypvm,15577
ejvfdefkux,16660
rggflzlond,18809
rewrwmrxmb,20567
stsdpcxiaa,22491
nlybgytssg,24698
jaobhruzwy,25359
qpakpctzno,25993
kjgsoncefk,26034
tatfenumgc,27108
wpqhniwmxs,29151
fjfmjcagct,29332
tgvjymcves,29355
tiayopclrl,30919
ffhocwleno,31168
rkocqzfdev,31306
ifzuqwxfsj,31459
ctemstheql,32414
bepvyazato,34768
ptemeltley,35464
xulwoluvam,36508
wrbnzjsije,39392
kjpxaxnrti,39727
ayioewebcp,40173
lfzfqlycsp,40636
gfvxrvhjob,40923
fumbqekhnu,357604
kfmxlrblng,45375
rpygsnszzb,47668
mpvtjouvkw,48720
xrdsnzywgt,49428
lqjkqgbzed,49637
wekmzueyoz,49823
crmuovdpmj,50016
vdbunbjxuj,50977
osxgqxejyj,51017
jentehscpr,51568
uezovzespo,51760
hrvgnzkhmq,52585
fgbjamwbym,53041
qsnzfsllte,55425
ubhrploohc,58368
ijgcniiwwl,58415
zyvmabkpzy,60161
wcrylvwodn,60279
ivqwtnympk,60570
suxapevcao,61454
oqanfnejas,65699
svvopfvbor,66396
jpsypkbqpi,69205
yinhtcmkaf,69927
rpswhjyblg,70914
hxyidwoqhz,71242
hgltotmnud,72380
qfgnvnaehs,72739
kgtfjqswns,73804
burinrmfwc,75264
ovbabvpkid,78167
hnxihpwsji,303553
frbtceetxo,81113
hkxafvkder,81777
llircteban,82109
zuiagyidyq,82355
zohbxssalb,82817
jmurfonhgv,174202
cmdprggoad,86145
svmyiwyuut,86510
qtoqfaracn,87008
lanvkswhfk,88383
htocyibhot,89739
xtrnjlqzpc,91298
nxdvkrsckm,92811
lviefboycy,93862
jbmyyeddtt,95569
qrwxltotug,96226
svyjyuzlrv,96860
lmqcoljuyd,98948
xbmnmzilfp,100782
qjhdjnptaj,102183
bhsixrcxtc,102852
xmlcoucpxz,103046
drgkqwtdgn,104650
sxziqlweeg,104994
gweyapfflv,106640
cetcbyhjcl,106745
httteqxgyt,107351
vfqwimpnnm,108658
yhrahycdbf,111107
dztxjjqzsv,112472
hsvxztdhvd,113258
hijyxhzlah,113265
idsomjckqu,114525
gvophiroam,115375
akfqiywdds,117393
gmckvjmnic,120766
xpjztivexs,121587
skoauitygz,122239
ueoeivubjs,123516
ifstwpupvb,123896
yuqyriepbj,123994
llgalkkldd,124527
luhtackmzm,125877
yubduwrrfv,125980
gsfthebmag,127872
uxuodaoabc,128225
ivqpesghms,129468
afrbjyzanx,129907
cqwfkeevrf,130914
uwodjccyqs,133965
jujdtpidbu,134084
jedqrlgftn,134956
ofxjhsnzwe,147977
enkzqaeoxh,129795
ujkwpcweta,135204
wrjpakmlfm,136594
jrxjyckqaj,138219
qogxmgqkhw,138569
ipqkpsfkyq,141224
iskgyponyv,141906
upvshggfpg,143129
stduaankwe,143480
mafhybpllv,146393
mxqeaarvxo,146508
onkitcsaxw,146511
ridhmtnxwx,146886
drhednroog,146917
nobcbyjcgj,147150
uomjddyqfh,148043
ieiyumrcdc,148961
qfonvckibb,149109
ujzxdtkkgp,149687
zshkxcxptq,149841
dqgfdrvroy,150188
mvjkdbbwum,150793
rretqdnovw,150966
fqpyiaspdi,150969
usjtakcnin,154788
fectnjhpvo,155214
wzdpxdyfxj,155988
fxesbpaion,156326
xhnmxvbmua,220629
kepnwfrjrd,136382
beuzzaddrs,156854
nlpecvogoc,157963
wlutdtztjl,159084
pjgftebafl,160461
nsncxyqqsx,160774
ouzlqeajcp,160972
xjkimuiryf,161893
evypnzxvjn,162015
hhqrmuacvk,162321
vlrkxoebhj,162615
nqkykxbemm,163385
icowpzxims,165583
vhamyzzrtt,165606
nanktglcwb,166529
rkfvtgjahc,167438
ykhcrcqefo,171152
yfuoyaiumj,171965
oolfnkbjuj,172149
jjpufypfde,174539
emfomfhmfo,174641
krkfprtypl,175589
kqmgimijgn,175654
zouwfidncj,176115
qfciktjqzq,177808
ewhginasjn,178191
wicilldiqr,178272
idyqqgrvzs,179745
tijvjcsbsy,180213
wjlfzsijnr,182650
jyjbexchjb,183630
qfrrgvwmnr,183717
wtxlcrwjne,186685
nrjpgqmrbj,186726
crpdjrnmvl,232722
baznpjuoqh,186734
rjblkiknnc,187188
ceameeitvf,187947
zodmaluueu,188000
zoalmsdmjz,189955
hetwaqfido,194545
brboucqzpz,196839
wgtlknbjns,197486
oqhmhdecft,197954
infkhbupig,200756
dncwelnvuz,201504
yfzcqueloi,203449
yrjwrojida,205824
bkjctfohsw,207677
ymjepeztmg,208321
ngafczaibz,208408
uxoiesumbp,211417
naoeoaplin,209096
iiztlcsgdt,209120
nyphfzqhsv,209375
vtkfesymfh,211249
jeeztjcjzm,212583
cggcieuerv,213992
lchrnpsehm,215069
xwgarfkkrf,216282
esneobwpjs,216556
akazfeswlo,216636
fhqcurgepv,216647
nlomzvnezs,217083
lpursiqvyy,217632
bygcsytmif,221855
fyvopgdhzf,223572
jcbaoqwpxw,224181
pmzvrkkuen,225091
futvhxhcox,225160
bxmkvqtaub,226499
vcwytszyxe,226705
ytcdgcilzb,227162
xlmouzunjj,227643
ilyhqsahbd,227784
nhvacxjvol,230311
fzhblfuuyw,231446
bxjecabonq,232163
gbamuojdxb,233532
qtpemubrvu,234882
wxgvfxvjwj,235235
rygycphbcv,236438
pldcvtrymi,236670
csznbluckd,236917
exlpiazwwt,237171
cwcfkromiz,237712
bmwhjsrcpe,238751
bwwruergrg,238987
hbsbqodgob,241105
pxxbflfkkl,242229
dlbemlwgee,243983
enonompugg,244187
hhzkotktut,245370
gmwfjlrvrf,246026
jglohsghyn,247855
ryksrkipqj,248467
cxsbckcizv,248810
fgexadofej,249054
bnhrdvnbld,249685
nbinvlefnl,250608
ukwkfcempj,251111
ejhzuhunbp,251130
naztqjvnwe,254676
mfjocgdgdq,256308
ioxnpcxfij,258051
dyuaemtryz,258289
ccdsxzperr,259372
flvilbouzq,259611
jdakdwsdfv,260614
lycwdjdjom,263413
gwxkoyouuf,264901
ylsauexybs,267970
hllbsgsxbb,265776
wzglryzhgh,266483
pqtjkosfgu,270961
wcjpoajknr,271063
qhgiwnctfj,273350
lmqqbhzvir,274817
gmjfhgsdno,319797
oyskaxfmlw,197155
hslqtfdkcz,275939
dlvtpayrxz,276352
sxgsnwcquy,276680
pzdgfyhusq,276715
fpptbasnck,349885
gfpyucdggb,276821
dpklgcvyma,276991
dhwireibei,277234
rajilptibr,277353
jmcxfxwzum,277698
fpdvxmuuqs,281894
ccsivwybal,282220
sgmoxlfnwd,283337
cpriftiymu,283530
mxyyyyuyfx,283909
skmtanaggo,285746
gtlammyhsm,287425
oobeptlwjp,287613
xovazmlbdu,290846
bwtomptxyu,293398
unujktcpmr,299367
heagpoqfii,300790
lpqbitdeka,301543
jefadryyli,301713
nnouwebrqf,304154
cibeuoobmk,305225
kekvdtjtga,305670
rnrxvhdqsw,305813
jgqpxdhgvu,308799
cfighrsmnj,310368
ttgatwmgsn,336094
ajloxbaonk,310726
ilvqvhjwxi,313463
bbnxcvqcjz,314335
cgdgevdggq,316583
fycssxuxqq,316850
szczxjgzyw,318596
vrpuhbaufy,319189
vfpwarvjcm,319193
hgzcpyuoyt,320990
tuqydpenlw,322002
cxzxdcelye,323054
zvdnuaikaq,323803
rzapauhqnj,323851
sujmaydeva,325735
trmuyaumij,328013
nrkykxyziu,328073
ydvxtlawka,328659
pzntohcqlc,329538
wzghqleuzd,331177
ozgtxnqwkg,332254
cnyivmbqbe,332670
hbjuljbxnp,332997
ldiaggunui,333308
tcqwdnsqwu,334400
ylnchkbden,336307
pkirwdfbha,340105
xbpltrjrex,341327
nqwftijbcg,341354
nogjiuhvmu,342199
usxtwjaldi,343016
vemxkkwzqc,343788
itzwzsutzu,343876
nlmncekqta,344960
crfxiuofwq,347018
zchrtgprmk,347124
xmfkydvyke,347382
ibzxcvxuzu,347583
zacaesnxok,348317
qcoxhurtij,348520
ofuadcsqur,348976
mizwsigcan,351029
gfgxlozkjb,390276
yhtulacfju,132792
prpihaoubm,352067
upvyhdbfev,352233
lzngestibj,353719
jsdojifwjm,355266
fedawodzkj,355670
zutyzlofvc,357547
ydcvqasxan,359082
llducgislz,359296
uyulelamgd,361371
euonaplkra,361480
fhmixhtofn,363148
irqedkefjy,364499
untorwrfuo,365822
ggfuuzysrt,365955
fgspbksjci,366707
sshzgoolrm,368354
mlllusxljx,368960
cnvgxgunwt,373112
dwjmmwxbsv,374430
rijbanmgsv,375017
efnewblpxq,375055
gdzmdttkpp,378147
vmtgjcstap,378377
gltrepudon,381269
nsnxymjsvf,382412
fbblbzaymq,383253
olnsiqplpm,384070
ckwwoggtay,384612
xszaezicfu,384685
ysuyxpypsr,385000
jozrqyuokt,385651
vpvaqbjaqp,385675
ciagefepmd,386434
zmztpsqneb,387637
ziewlommgy,388699
vedgjtzqgu,388867
hbdvxdkpkw,389463
ktolxfgjmt,392175
nwnsqoiype,392214
cogyxqqdzb,392897
hfcjbhvval,393388
nuykbgwzwb,393433
ettoqllpma,393497
mqfpeqttyg,395012
htudaubawc,397121
xsyagzojbp,398145
unxnyeqjwb,398157
dmabtjfpcr,399734
mhqdwfraoe,399851
uwhvlcgglh,400587
kagcrdghva,402253
dleveshgno,504681
tsebnxtejm,402977
vmrhzkoedb,404189
btcmfhwats,409474
wwxrvsjfuc,409965
eolnqctdzi,410872
mptopbeluc,411020
eavfmfbnsm,411331
cgpyweaifg,411449
blisnmvtyi,412532
ectmszibsb,413260
gmdrlxdjcf,414978
ckwnbdgbpz,416668
wlqmkttutn,417345
nlgdwzuicu,417624
hppuiftyai,418023
kgcboxehff,418387
jtaghgbfyq,426003
bgdswotrjx,426459
mzgckhiimo,427673
xmktpqcias,428790
hrsteclckl,428882
wrdbyqawbi,448082
pcadnqffjx,429724
rndqtqioua,430063
svxyhtbegh,430828
yojqsgyicz,431888
ubccnqbpfp,432351
kgazqqsrvh,432476
yucfdjpeqk,432849
qgixjtsomf,433309
jdzsnbtnss,435557
ukbxdcfdbr,436459
coqfxvvauk,439825
bznualtnwl,439973
gdyfrwhgut,440122
szoqaffeqc,440193
crnwkkcfjb,440731
fgjbfbvenc,441453
crzjelydcs,441995
ovfxttpjkz,442348
tfefwdifds,443042
vlhhrpqkrg,443147
xvetvzbwct,443787
eausdlltub,443792
pajjtxvnrk,444590
pbxjqelwtg,447304
xbgfgsoiiu,447916
iodctnubvg,448533
ycaerakdvi,450668
howdqnyerj,450702
cikhqpnpnp,452216
wnrlrvlwai,453491
jagthnvgac,453743
xfrhfcbcdz,455397
dgjnfyoone,456703
amqxbdsxgc,457156
jobqxqarrq,457982
nxjgufcpxo,460275
pyskjqtstn,462649
nmkhfzxevc,464362
cniyavetrl,464946
moaetgcesr,466416
iehqcjgxor,467503
fjkpffzbnw,468199
rhvcqnomcd,468713
iiokcotdcr,473868
qracgyvcfs,474767
hjtkaypkvq,476283
qhsnijsipl,500670
hshqihoeol,476519
lehfpsjhod,476844
yfuzibtsya,477861
howuuxtkwq,478340
dpqxidgbmx,480271
hmvrsgbdub,481310
nerfykhgaw,482280
bvcdjgwhqf,483286
tfxfjymawt,483980
olavrsihkz,486382
iuhhrppewo,489692
qivxkqpsfv,490401
bwrbtwvzqf,493941
jceidmpsvj,494080
augkjykpjn,494084
huopjaplvp,500707
mqofcqvigb,500901
aogyqygeoa,501665
mktbguwjpo,503088
vqdxswurwv,504251
hvjurqcqvp,505010
irvwzuqjzr,505494
yiimzdeczz,506321
amwmyfbuxr,507839
tfpvyhtqwz,508889
xbgtyrtmsj,510212
yxowxlysoe,510420
ecbsjubxog,510583
aqiuwewuwj,511001
pvhcseauab,511669
vvywhqwlzg,513768
cxtbwgsmrd,515237
wqkiiftgkd,515508
nthfyqthfq,515682
dtzitczxow,515897
lrdmiqrmbq,515994
vpwvoginfk,516984
zivcqdqwxs,517532
syfepydbpi,517866
lwqjsgkinw,524919
oyrezgfqmo,525308
hkhfcnpeih,527287
zsklebonku,532965
fphwjuxbyf,533709
evxowfkrmj,534379
rcwaomwabz,535618
qdbnmuqnun,535738
tqqzapslik,535965
kwkshkqrhc,536708
cudgbakyei,537788
gefgzoqncg,537812
vjnkqknpjt,538089
tfcqnuftbo,539409
hwnmaoypnq,541421
tfguchstoc,543111
aokoosanyw,543232
toxrczuefy,543569
dlkpudtkrj,544007
lljiptmbsp,544427
iyarknnuyv,546196
jsucanjkkw,547479
oesubcerhw,258390
isrvhjjrtb,547744
cuoawzbsbg,548681
lmurdzjjjz,645960
lbcmhenspn,215320
nbalovgpyw,551710
kscpjyprlw,552731
njyzfkcxki,553338
hfpkscblvr,554166
nmnksnwqxb,556401
cjoeiqogvl,556995
dwgymosywg,558834
pvxywgkegi,560735
tqmcpxdklj,607695
oocbpjcvwh,558689
qvwmitbhuw,560884
toznxzwhma,562408
qkmkefueei,562798
lpdqrmtefb,563158
gwboeahmzz,563379
wxadpmdecv,566455
ykpersuyil,567547
dqjguoovcg,567666
zyhofjixbd,568883
wsqgwzlakc,569307
sblqrxnavt,585028
wcypsewwuu,569734
gvcckhtwaq,570147
tgtuquqdur,570518
votfyxwbzu,570717
ubfzhtygfz,571314
fwswggacgv,571895
usqqjqwuif,572004
syrmdjzuwj,572124
hyvbpxjaya,572709
rsmibagnhz,572828
fwzxdpgefe,575546
puyrqvlikg,575858
kibnnbwyee,575931
ciwgynnvui,576246
emcxlyroox,577474
lihudfvsst,579751
xwehtrlxxi,580026
xacgzkzzyy,580173
jsaayarifa,582182
qwqmqwvgse,582574
gpgjqcazts,583435
utjmsflkyx,584441
iqgyptrpnu,584954
yiyftbhzyv,585250
egsyilnfmf,586197
gpkizuruqc,587832
beofnvqkxx,588710
aelokamnok,588999
tkundwyiyt,592908
elmtvutyyc,593009
nvwcawqnkh,594934
edisgpcwox,595613
wuojxjffsz,596435
diagypxgbh,596626
vmffhwwvad,597357
mrubiirqjl,597820
pciilcbpnc,598164
lertmfiztd,598250
lvvcuzmcwy,599268
jsjmaejato,599924
hgqitltkie,601654
lewauaskzr,602319
zsafvfydbh,604142
qjyywshbmv,604475
hjhrlsthyr,604870
plangwlate,605234
ierrifgvni,605380
ublpalyama,606267
rvwxugmrtz,606310
nvynqzluxb,608092
qbodcbxmdp,608925
oeftjikewk,609063
benbohppcs,609940
xnsxsgwekg,650621
nbvusvcgln,587005
smwnmluvtw,610822
xogdboidet,614166
wfbbczvjyy,614221
orftysfrzz,615190
nzvewadsgi,615636
xmyfngtxpc,617716
jkyxnksipi,618328
kbfadfrrut,618643
guuvzauduh,619113
hupwfjocwj,619175
soilpryawx,620195
okvziyxicu,620232
ggctgptbsi,620826
owwyrimcop,621822
vbufmvviij,622590
rqegxymyps,624176
rcpethjgfr,624544
qsysofipno,626412
ugjgpksgpb,627387
xtbinvinjq,627633
vgzcvcmnux,628038
keollafqwy,630426
idrsqissbm,630873
rgrztyrqpt,634916
rswlmipmwp,635196
xhwjjipnup,635426
rnwsffhbsn,635605
kbtyyaregu,635846
wiyfctmgdq,639187
iumjujxfwq,641579
obwfcohynf,644308
kiwpzicgvk,644678
ozgglkbtpa,645158
fbudecnuwf,645337
jzieyihbel,645472
jlqguvzuie,646232
igkwtpvclb,646317
jmqdybrdey,646360
jshlkvnoxr,646620
tmxwhatjqx,647480
mxyayejbha,647737
clilmppoln,648837
igmsvzuqru,648860
ehyilfaxyz,650134
fvfanlqxhz,650224
pmkijdwatr,651233
wexizaiixz,653246
rhyajeekif,653416
fmcsmjnrmc,807012
djstowwhti,145325
tnusahvnjx,653441
rpdapfcocb,653955
tevzoujciq,655334
ikuoncygpa,655843
mvinltidcu,657054
qoctwdyrpt,657747
xiucudnvzv,661067
kedgqjfcnu,661413
atmprqsdps,663802
tepizetpfv,664117
cjfmppxnsw,664391
siguvalfla,666257
yhqddgrutx,667765
nieesopeig,669286
gnyagukqfu,669832
yyfqcscobl,671578
aulvjnxyer,672447
pcrysbgszl,672472
aggzdznkou,675314
jnrpioqrys,675756
dttgfrcwki,676772
btpvnwudcz,677099
tqxjvdtton,677199
ftxijctatn,677465
vvynjgbziz,678460
ezlgbizmvh,678583
wqtehjuqhz,680172
nrzbeifufd,681239
szgzdhyxmy,684226
aioaihgczp,684612
zpgmcejfmf,685297
uelgsvleau,685835
dyjltnqthv,686263
yojfrgerxt,686894
uiyapttnpj,688304
fjansvcsnt,689171
tgbfjhyiky,689533
rlfgfhnfgg,689703
rsxzkorxmp,696912
tbwmbduhkz,714207
jwosrecaaj,697364
amqdrvzfat,698836
fppoownbzq,700450
qyoofvlnvm,701987
obacicfgnb,702035
pzyjbatuiq,703932
prjkrmdldy,704916
nsdeqwknxx,705594
vpvrleobjx,705731
zjmdkfjxap,705776
bqwejlawza,706026
lwksaghujf,706882
sozimdrbmc,706994
nhfgaykgps,707947
watluzuyrl,712967
ycwjeogweb,713415
gbfvjryfji,714505
wnjpybkera,714754
lvitsxoddg,716280
tdzdtptkmi,718058
jfymkrjeob,718730
cvvwtfehnn,718954
yustcknatl,723738
nxgadyzbsc,723938
zwcwrtkyrr,728156
paroenolng,728301
dueaservcq,729439
jlpfhztdss,729918
kgbxllttci,730040
mxvgvytaky,730476
rgsfsqkxtl,731333
mqvvkzgorq,732227
jrovthlmco,733013
jefiacnbjz,733337
ioseyckprr,734345
hodppvvddb,737346
fboslvbzqs,739901
gdgyexxokz,742961
ocflfwhkkv,698072
pfkkuagjck,740221
tpsypdkmvt,741765
whzwbarksm,743574
lujcocofcj,744113
scxkjqoxmx,746312
utugnvrtwf,748280
cniesorxyv,749403
nhaeumzolk,752652
anjjxenrfv,753052
fqhtqxejfw,755299
kxjzsypxmh,755339
sumuyhlvjr,755452
mvsfqiottl,755594
parehbhnnk,756925
gmhqfgfamq,757896
jdbbcfzkbx,758621
yvmekhgdwq,759529
hbojysxehg,760914
uxtmjucxxe,762184
oiekvpzgfw,772863
cwtgmembvb,762188
aapucbered,762314
leynbhjyhi,765401
mlqhlokiak,765652
qstvctkahz,766622
hwxnzrysdr,766939
silykrlkve,769261
jbatmpeoaf,769756
ssdfgrjnyf,770807
yhdjdygkkz,772443
csidxecrmf,772656
fidjamqmci,773298
ooddwrffvz,773886
lzjcrfpdux,774069
vpicnsggso,774695
kedzvxerzj,775157
vqwdkvcicb,779190
emtupcietf,779397
bylaraxpjy,779592
onadyxzgst,779887
yxccdgcdub,781752
dvdmtujwwk,782658
cukxqlqbmb,783133
ktdbfjmnlo,785380
abkrdvihdt,785503
tdxobyzgog,785867
sbprnendfn,786960
otrvtsdwjk,787056
tugzzphxzr,787069
svnppvrnvb,787536
fdhhqbwitb,788507
xwwmxkqeax,788705
ppmdpbgowj,788852
rxhuasobkl,789011
swmwdnwgcz,789104
tcxnsvetyq,789450
qqlngcqujm,789621
diaoixalrf,790297
dllhgtibdg,792160
uzpnnoiafv,794322
jdcounmani,795085
tanljqghtj,796334
tjpndqsres,799284
zbblnnnpbg,800296
qkruilynpe,800635
ebudvgtqxe,802814
aigmoyrfvc,803586
ehhnakrznk,907584
jczvdgbnjb,803736
jnyxwbuoar,804303
vudugaanfv,806095
btvlljqjsu,806535
vmwooxjbbs,806843
zomoyeuyma,809507
awhyxaodky,810595
gwvxrjpykw,812829
rzzrlklrer,815533
ickxbanmmo,815843
zxuyswibaw,817037
acxkwibbnu,817394
tsqxxgssoo,817797
yjotsvmybj,817932
djypodrirq,818119
skajqwtigy,818853
gptxlbuagk,819169
ixtrfiktgm,821241
ryjsosyzwf,822728
gtfbxetsgj,825593
ppnpybteka,826578
gdxfcryafm,830447
hqcdthdvdy,830682
dclsxiaajg,831984
rajrbagqmk,833988
twposrzwyw,905043
peohsodomj,836142
jsdkuujjiv,836445
onosaravdx,836700
nknxbcmjej,838140
qqyzqwgxmh,838239
svfmmbekok,840452
eutyfrccey,842523
rgylbahdvy,842906
vvtkwhxhey,843484
agonhkgirq,843983
wabbuzvzmu,844270
opvhynhxgl,844604
fbmhoeuint,847627
cszuiuwqlx,849515
vebbupcixh,849948
acupgvbbfk,850074
hztvdbzzcm,851037
qpsqnrmmge,853422
uwbljgdkfn,854543
lpqdjdgsrd,855110
uhsknthiiu,855390
tpdnzknuge,888186
ftedqgkzth,857063
euhnghanmd,860092
qoogpmoirf,860118
ksdjmtxfoj,860918
qzsqtdzble,863924
umknnsihzm,863927
gbuhwoyhqg,865458
ygxdduhztn,867863
hothbybgtp,868687
hawhreimhw,869467
rmweezalcw,870023
qdnxvvdrzx,870413
ibkotnkdlt,871893
rrsrhoejmv,873392
oqibaiowvh,874291
yvjwbfjsgv,874581
gijbhpmvbf,876704
rvmpxyrgxq,881182
nyhoaxvcpt,882199
soecdbysia,883232
nbwcpwtyew,885776
tlncwztqlx,886339
dvtromwqad,886494
qqezslufuy,887473
jhosbzukml,888058
nzdjehpttq,889698
kjngvarlmu,891052
hdnxgkbppk,892049
ugsdbwgpnf,892600
fwfnwlwity,893039
vjgnahopnx,893237
qscepifdni,893790
wzdnljdyir,893907
alepkzkugp,895212
yktxwcjmrj,895480
kcqbulqrts,895496
lbbbhoelyv,895579
aepjkcphth,895966
xgatlvifbn,897171
upylfaegwt,900078
olrstgenvp,900674
ycfrkestel,902679
gtlzslmitc,903610
izekqojpkj,917058
iaqhdrbssu,903865
dzsudnwwzr,905741
wxgltcmlyd,906551
spzljdmtom,906576
xbonefrwjg,906861
thftqjgldy,907807
kfwvnsbxui,909446
nndajmswly,910080
khypqnstcm,910963
kqvdpqvzqg,910973
zgadkaeqhs,911901
caorqlnwxe,912840
ragkzufiys,913340
hqfcdvnwxk,913369
mddgngaohx,914861
cqnmnbrstf,918799
bpalinlbdv,919006
jhbjusangf,921098
hhkczkzmbi,925236
yknyarpldp,926357
uzprwguzcj,928211
rmgmfoxvfa,929679
sgkxrkwtyw,929986
zlswpxbunz,930660
lzwlphuloe,934239
zlnmuocipn,935567
yaugclpidv,936854
jidctcoxgh,937728
hcozgmblim,937851
yrgeavxwwc,941816
xxbquqxunu,942604
mfuqvxkjzt,942679
phehnlbvvu,943156
cmqelpjszk,943229
nzvftbaazr,946164
rbbcaabcap,946206
qqmhrfvlae,946209
jrgfflropp,932792
wdbnfibvnk,947634
xqtcrsvzgc,947743
ucvxnmvqvb,981237
nborrlrjts,322639
fcefrdwymy,950533
chtpthkolz,950835
oucowwclwj,951745
iespmnwxhw,952118
hjcstftgvz,952490
wwqpwzwdto,952796
ymeizpfanb,952903
ojkhztozfp,953711
bmwfsvduum,953760
yxtxduxdlc,954097
dqaqnxruen,954240
sweysnmmkv,955306
zxxdynferi,955862
clwugmrhvi,959049
kkyhuwfjcu,959113
brdfyscett,959847
rehmlixlrt,960500
gxorkehacq,960691
mhphedxmyy,961472
onvttwhfzr,962302
fvfcnnmfun,963644
bxuxycmhzq,965207
tpnmfhfaxe,966080
qwnnbshjgx,966887
khooxcqcio,967348
avnkggcidx,968196
bfdzunrrea,972219
xolcucutrr,972527
rniazbckzs,972586
djktxihecg,973199
hdrskpknsk,973904
dxhcijloid,974019
iqcmdncowq,974168
tjaqszguir,974377
kswckukboc,975284
ojhsepnqmh,975789
twywxahlgb,975942
cugsowyqbw,976966
zdrlvtwkpm,977951
gqzjyjoogg,978182
oikfqrjoin,978692
rredkppimq,979047
aoputcfmqv,981299
aprsirlomy,983626
jbruqggmez,985713
rnslzhznwq,987689
clobkifzzo,988774
hklyuzfphv,991134
yphnfmbngd,991974
jfikljhdgo,993505
zjbuisdpii,993529
zjjsvfixmi,994175
wedypdlvmg,994318
duqensgxbs,994384
mzbfatmsbj,995841
assbujmjvq,997411
pxmlpwbell,999310
